<?xml version="1.0" encoding="UTF-8"?>
<!-- Generated by org.testng.reporters.JUnitReportReporter -->
<testsuite hostname="Neeta-Toronto" failures="0" tests="4" name="testLayer.LoginTest" time="37.677" errors="0" timestamp="2023-09-05T15:45:57 EDT" skipped="0">
  <testcase classname="testLayer.LoginTest" name="loginHRM" time="9.457"/>
  <system-out/>
  <testcase classname="testLayer.LoginTest" name="loginHRM" time="9.954"/>
  <system-out/>
  <testcase classname="testLayer.LoginTest" name="loginHRM" time="11.261"/>
  <system-out/>
  <testcase classname="testLayer.LoginTest" name="Title" time="7.005"/>
  <system-out/>
</testsuite> <!-- testLayer.LoginTest -->
